<?xml version="1.0" encoding="UTF-8"?>
<testsuite xmlns:xsi="http://www.w3.org/2001/XMLSchema-instance" xsi:noNamespaceSchemaLocation="https://maven.apache.org/surefire/maven-surefire-plugin/xsd/surefire-test-report.xsd" name="com.oktank.demo.StreamLambdaHandlerTest" time="1.611" tests="2" errors="0" skipped="0" failures="0">
  <properties>
    <property name="java.specification.version" value="15"/>
    <property name="sun.jnu.encoding" value="UTF-8"/>
    <property name="java.class.path" value="/Users/samfolke/Development/oktankdemo/target/test-classes:/Users/samfolke/Development/oktankdemo/target/classes:/Users/samfolke/.m2/repository/com/amazonaws/aws-java-sdk-s3/1.11.906/aws-java-sdk-s3-1.11.906.jar:/Users/samfolke/.m2/repository/com/amazonaws/aws-java-sdk-kms/1.11.906/aws-java-sdk-kms-1.11.906.jar:/Users/samfolke/.m2/repository/com/amazonaws/aws-java-sdk-core/1.11.906/aws-java-sdk-core-1.11.906.jar:/Users/samfolke/.m2/repository/commons-logging/commons-logging/1.1.3/commons-logging-1.1.3.jar:/Users/samfolke/.m2/repository/org/apache/httpcomponents/httpclient/4.5.12/httpclient-4.5.12.jar:/Users/samfolke/.m2/repository/commons-codec/commons-codec/1.13/commons-codec-1.13.jar:/Users/samfolke/.m2/repository/software/amazon/ion/ion-java/1.0.2/ion-java-1.0.2.jar:/Users/samfolke/.m2/repository/com/fasterxml/jackson/core/jackson-databind/2.10.3/jackson-databind-2.10.3.jar:/Users/samfolke/.m2/repository/com/fasterxml/jackson/core/jackson-annotations/2.10.3/jackson-annotations-2.10.3.jar:/Users/samfolke/.m2/repository/com/fasterxml/jackson/core/jackson-core/2.10.3/jackson-core-2.10.3.jar:/Users/samfolke/.m2/repository/com/fasterxml/jackson/dataformat/jackson-dataformat-cbor/2.10.3/jackson-dataformat-cbor-2.10.3.jar:/Users/samfolke/.m2/repository/joda-time/joda-time/2.10.5/joda-time-2.10.5.jar:/Users/samfolke/.m2/repository/com/amazonaws/jmespath-java/1.11.906/jmespath-java-1.11.906.jar:/Users/samfolke/.m2/repository/com/amazonaws/aws-java-sdk-rdsdata/1.11.906/aws-java-sdk-rdsdata-1.11.906.jar:/Users/samfolke/.m2/repository/com/amazonaws/aws-java-sdk-ssm/1.11.906/aws-java-sdk-ssm-1.11.906.jar:/Users/samfolke/.m2/repository/com/amazonaws/aws-xray-recorder-sdk-core/2.4.0/aws-xray-recorder-sdk-core-2.4.0.jar:/Users/samfolke/.m2/repository/com/amazonaws/aws-java-sdk-xray/1.11.398/aws-java-sdk-xray-1.11.398.jar:/Users/samfolke/.m2/repository/com/amazonaws/aws-xray-recorder-sdk-aws-sdk-core/2.4.0/aws-xray-recorder-sdk-aws-sdk-core-2.4.0.jar:/Users/samfolke/.m2/repository/com/amazonaws/aws-xray-recorder-sdk-aws-sdk-v2/2.4.0/aws-xray-recorder-sdk-aws-sdk-v2-2.4.0.jar:/Users/samfolke/.m2/repository/software/amazon/awssdk/aws-core/2.2.0/aws-core-2.2.0.jar:/Users/samfolke/.m2/repository/software/amazon/awssdk/annotations/2.2.0/annotations-2.2.0.jar:/Users/samfolke/.m2/repository/software/amazon/awssdk/regions/2.2.0/regions-2.2.0.jar:/Users/samfolke/.m2/repository/software/amazon/awssdk/profiles/2.2.0/profiles-2.2.0.jar:/Users/samfolke/.m2/repository/software/amazon/awssdk/auth/2.2.0/auth-2.2.0.jar:/Users/samfolke/.m2/repository/software/amazon/awssdk/sdk-core/2.2.0/sdk-core-2.2.0.jar:/Users/samfolke/.m2/repository/org/reactivestreams/reactive-streams/1.0.3/reactive-streams-1.0.3.jar:/Users/samfolke/.m2/repository/software/amazon/awssdk/http-client-spi/2.2.0/http-client-spi-2.2.0.jar:/Users/samfolke/.m2/repository/software/amazon/awssdk/utils/2.2.0/utils-2.2.0.jar:/Users/samfolke/.m2/repository/software/amazon/flow/1.7/flow-1.7.jar:/Users/samfolke/.m2/repository/com/amazonaws/aws-xray-recorder-sdk-aws-sdk-v2-instrumentor/2.4.0/aws-xray-recorder-sdk-aws-sdk-v2-instrumentor-2.4.0.jar:/Users/samfolke/.m2/repository/com/amazonaws/serverless/aws-serverless-java-container-springboot2/1.5/aws-serverless-java-container-springboot2-1.5.jar:/Users/samfolke/.m2/repository/com/amazonaws/serverless/aws-serverless-java-container-core/1.5/aws-serverless-java-container-core-1.5.jar:/Users/samfolke/.m2/repository/com/amazonaws/aws-lambda-java-core/1.2.0/aws-lambda-java-core-1.2.0.jar:/Users/samfolke/.m2/repository/javax/servlet/javax.servlet-api/4.0.1/javax.servlet-api-4.0.1.jar:/Users/samfolke/.m2/repository/javax/ws/rs/javax.ws.rs-api/2.1/javax.ws.rs-api-2.1.jar:/Users/samfolke/.m2/repository/com/fasterxml/jackson/module/jackson-module-afterburner/2.10.3/jackson-module-afterburner-2.10.3.jar:/Users/samfolke/.m2/repository/commons-fileupload/commons-fileupload/1.4/commons-fileupload-1.4.jar:/Users/samfolke/.m2/repository/commons-io/commons-io/2.2/commons-io-2.2.jar:/Users/samfolke/.m2/repository/org/apache/httpcomponents/httpmime/4.5.12/httpmime-4.5.12.jar:/Users/samfolke/.m2/repository/org/apache/httpcomponents/httpcore/4.4.13/httpcore-4.4.13.jar:/Users/samfolke/.m2/repository/org/jetbrains/annotations/17.0.0/annotations-17.0.0.jar:/Users/samfolke/.m2/repository/org/slf4j/slf4j-api/1.7.30/slf4j-api-1.7.30.jar:/Users/samfolke/.m2/repository/org/springframework/boot/spring-boot-starter-web/2.2.6.RELEASE/spring-boot-starter-web-2.2.6.RELEASE.jar:/Users/samfolke/.m2/repository/org/springframework/boot/spring-boot-starter/2.2.6.RELEASE/spring-boot-starter-2.2.6.RELEASE.jar:/Users/samfolke/.m2/repository/org/springframework/boot/spring-boot/2.2.6.RELEASE/spring-boot-2.2.6.RELEASE.jar:/Users/samfolke/.m2/repository/org/springframework/boot/spring-boot-autoconfigure/2.2.6.RELEASE/spring-boot-autoconfigure-2.2.6.RELEASE.jar:/Users/samfolke/.m2/repository/org/springframework/boot/spring-boot-starter-logging/2.2.6.RELEASE/spring-boot-starter-logging-2.2.6.RELEASE.jar:/Users/samfolke/.m2/repository/ch/qos/logback/logback-classic/1.2.3/logback-classic-1.2.3.jar:/Users/samfolke/.m2/repository/ch/qos/logback/logback-core/1.2.3/logback-core-1.2.3.jar:/Users/samfolke/.m2/repository/org/apache/logging/log4j/log4j-to-slf4j/2.12.1/log4j-to-slf4j-2.12.1.jar:/Users/samfolke/.m2/repository/org/apache/logging/log4j/log4j-api/2.12.1/log4j-api-2.12.1.jar:/Users/samfolke/.m2/repository/org/slf4j/jul-to-slf4j/1.7.30/jul-to-slf4j-1.7.30.jar:/Users/samfolke/.m2/repository/jakarta/annotation/jakarta.annotation-api/1.3.5/jakarta.annotation-api-1.3.5.jar:/Users/samfolke/.m2/repository/org/springframework/spring-core/5.2.5.RELEASE/spring-core-5.2.5.RELEASE.jar:/Users/samfolke/.m2/repository/org/springframework/spring-jcl/5.2.5.RELEASE/spring-jcl-5.2.5.RELEASE.jar:/Users/samfolke/.m2/repository/org/yaml/snakeyaml/1.25/snakeyaml-1.25.jar:/Users/samfolke/.m2/repository/org/springframework/boot/spring-boot-starter-json/2.2.6.RELEASE/spring-boot-starter-json-2.2.6.RELEASE.jar:/Users/samfolke/.m2/repository/com/fasterxml/jackson/datatype/jackson-datatype-jdk8/2.10.3/jackson-datatype-jdk8-2.10.3.jar:/Users/samfolke/.m2/repository/com/fasterxml/jackson/datatype/jackson-datatype-jsr310/2.10.3/jackson-datatype-jsr310-2.10.3.jar:/Users/samfolke/.m2/repository/com/fasterxml/jackson/module/jackson-module-parameter-names/2.10.3/jackson-module-parameter-names-2.10.3.jar:/Users/samfolke/.m2/repository/org/springframework/boot/spring-boot-starter-validation/2.2.6.RELEASE/spring-boot-starter-validation-2.2.6.RELEASE.jar:/Users/samfolke/.m2/repository/jakarta/validation/jakarta.validation-api/2.0.2/jakarta.validation-api-2.0.2.jar:/Users/samfolke/.m2/repository/org/hibernate/validator/hibernate-validator/6.0.18.Final/hibernate-validator-6.0.18.Final.jar:/Users/samfolke/.m2/repository/org/jboss/logging/jboss-logging/3.4.1.Final/jboss-logging-3.4.1.Final.jar:/Users/samfolke/.m2/repository/com/fasterxml/classmate/1.5.1/classmate-1.5.1.jar:/Users/samfolke/.m2/repository/org/springframework/spring-web/5.2.5.RELEASE/spring-web-5.2.5.RELEASE.jar:/Users/samfolke/.m2/repository/org/springframework/spring-beans/5.2.5.RELEASE/spring-beans-5.2.5.RELEASE.jar:/Users/samfolke/.m2/repository/org/springframework/spring-webmvc/5.2.5.RELEASE/spring-webmvc-5.2.5.RELEASE.jar:/Users/samfolke/.m2/repository/org/springframework/spring-aop/5.2.5.RELEASE/spring-aop-5.2.5.RELEASE.jar:/Users/samfolke/.m2/repository/org/springframework/spring-context/5.2.5.RELEASE/spring-context-5.2.5.RELEASE.jar:/Users/samfolke/.m2/repository/org/springframework/spring-expression/5.2.5.RELEASE/spring-expression-5.2.5.RELEASE.jar:/Users/samfolke/.m2/repository/junit/junit/4.12/junit-4.12.jar:/Users/samfolke/.m2/repository/org/hamcrest/hamcrest-core/2.1/hamcrest-core-2.1.jar:/Users/samfolke/.m2/repository/org/hamcrest/hamcrest/2.1/hamcrest-2.1.jar:"/>
    <property name="java.vm.vendor" value="Oracle Corporation"/>
    <property name="sun.arch.data.model" value="64"/>
    <property name="java.vendor.url" value="https://openjdk.java.net/"/>
    <property name="os.name" value="Mac OS X"/>
    <property name="java.vm.specification.version" value="15"/>
    <property name="sun.java.launcher" value="SUN_STANDARD"/>
    <property name="user.country" value="US"/>
    <property name="sun.boot.library.path" value="/usr/local/Cellar/openjdk/15.0.1/libexec/openjdk.jdk/Contents/Home/lib"/>
    <property name="sun.java.command" value="/Users/samfolke/Development/oktankdemo/target/surefire/surefirebooter687139235829902054.jar /Users/samfolke/Development/oktankdemo/target/surefire 2020-12-10T23-24-17_856-jvmRun1 surefire11696767310316691tmp surefire_010899758011870703276tmp"/>
    <property name="jdk.debug" value="release"/>
    <property name="surefire.test.class.path" value="/Users/samfolke/Development/oktankdemo/target/test-classes:/Users/samfolke/Development/oktankdemo/target/classes:/Users/samfolke/.m2/repository/com/amazonaws/aws-java-sdk-s3/1.11.906/aws-java-sdk-s3-1.11.906.jar:/Users/samfolke/.m2/repository/com/amazonaws/aws-java-sdk-kms/1.11.906/aws-java-sdk-kms-1.11.906.jar:/Users/samfolke/.m2/repository/com/amazonaws/aws-java-sdk-core/1.11.906/aws-java-sdk-core-1.11.906.jar:/Users/samfolke/.m2/repository/commons-logging/commons-logging/1.1.3/commons-logging-1.1.3.jar:/Users/samfolke/.m2/repository/org/apache/httpcomponents/httpclient/4.5.12/httpclient-4.5.12.jar:/Users/samfolke/.m2/repository/commons-codec/commons-codec/1.13/commons-codec-1.13.jar:/Users/samfolke/.m2/repository/software/amazon/ion/ion-java/1.0.2/ion-java-1.0.2.jar:/Users/samfolke/.m2/repository/com/fasterxml/jackson/core/jackson-databind/2.10.3/jackson-databind-2.10.3.jar:/Users/samfolke/.m2/repository/com/fasterxml/jackson/core/jackson-annotations/2.10.3/jackson-annotations-2.10.3.jar:/Users/samfolke/.m2/repository/com/fasterxml/jackson/core/jackson-core/2.10.3/jackson-core-2.10.3.jar:/Users/samfolke/.m2/repository/com/fasterxml/jackson/dataformat/jackson-dataformat-cbor/2.10.3/jackson-dataformat-cbor-2.10.3.jar:/Users/samfolke/.m2/repository/joda-time/joda-time/2.10.5/joda-time-2.10.5.jar:/Users/samfolke/.m2/repository/com/amazonaws/jmespath-java/1.11.906/jmespath-java-1.11.906.jar:/Users/samfolke/.m2/repository/com/amazonaws/aws-java-sdk-rdsdata/1.11.906/aws-java-sdk-rdsdata-1.11.906.jar:/Users/samfolke/.m2/repository/com/amazonaws/aws-java-sdk-ssm/1.11.906/aws-java-sdk-ssm-1.11.906.jar:/Users/samfolke/.m2/repository/com/amazonaws/aws-xray-recorder-sdk-core/2.4.0/aws-xray-recorder-sdk-core-2.4.0.jar:/Users/samfolke/.m2/repository/com/amazonaws/aws-java-sdk-xray/1.11.398/aws-java-sdk-xray-1.11.398.jar:/Users/samfolke/.m2/repository/com/amazonaws/aws-xray-recorder-sdk-aws-sdk-core/2.4.0/aws-xray-recorder-sdk-aws-sdk-core-2.4.0.jar:/Users/samfolke/.m2/repository/com/amazonaws/aws-xray-recorder-sdk-aws-sdk-v2/2.4.0/aws-xray-recorder-sdk-aws-sdk-v2-2.4.0.jar:/Users/samfolke/.m2/repository/software/amazon/awssdk/aws-core/2.2.0/aws-core-2.2.0.jar:/Users/samfolke/.m2/repository/software/amazon/awssdk/annotations/2.2.0/annotations-2.2.0.jar:/Users/samfolke/.m2/repository/software/amazon/awssdk/regions/2.2.0/regions-2.2.0.jar:/Users/samfolke/.m2/repository/software/amazon/awssdk/profiles/2.2.0/profiles-2.2.0.jar:/Users/samfolke/.m2/repository/software/amazon/awssdk/auth/2.2.0/auth-2.2.0.jar:/Users/samfolke/.m2/repository/software/amazon/awssdk/sdk-core/2.2.0/sdk-core-2.2.0.jar:/Users/samfolke/.m2/repository/org/reactivestreams/reactive-streams/1.0.3/reactive-streams-1.0.3.jar:/Users/samfolke/.m2/repository/software/amazon/awssdk/http-client-spi/2.2.0/http-client-spi-2.2.0.jar:/Users/samfolke/.m2/repository/software/amazon/awssdk/utils/2.2.0/utils-2.2.0.jar:/Users/samfolke/.m2/repository/software/amazon/flow/1.7/flow-1.7.jar:/Users/samfolke/.m2/repository/com/amazonaws/aws-xray-recorder-sdk-aws-sdk-v2-instrumentor/2.4.0/aws-xray-recorder-sdk-aws-sdk-v2-instrumentor-2.4.0.jar:/Users/samfolke/.m2/repository/com/amazonaws/serverless/aws-serverless-java-container-springboot2/1.5/aws-serverless-java-container-springboot2-1.5.jar:/Users/samfolke/.m2/repository/com/amazonaws/serverless/aws-serverless-java-container-core/1.5/aws-serverless-java-container-core-1.5.jar:/Users/samfolke/.m2/repository/com/amazonaws/aws-lambda-java-core/1.2.0/aws-lambda-java-core-1.2.0.jar:/Users/samfolke/.m2/repository/javax/servlet/javax.servlet-api/4.0.1/javax.servlet-api-4.0.1.jar:/Users/samfolke/.m2/repository/javax/ws/rs/javax.ws.rs-api/2.1/javax.ws.rs-api-2.1.jar:/Users/samfolke/.m2/repository/com/fasterxml/jackson/module/jackson-module-afterburner/2.10.3/jackson-module-afterburner-2.10.3.jar:/Users/samfolke/.m2/repository/commons-fileupload/commons-fileupload/1.4/commons-fileupload-1.4.jar:/Users/samfolke/.m2/repository/commons-io/commons-io/2.2/commons-io-2.2.jar:/Users/samfolke/.m2/repository/org/apache/httpcomponents/httpmime/4.5.12/httpmime-4.5.12.jar:/Users/samfolke/.m2/repository/org/apache/httpcomponents/httpcore/4.4.13/httpcore-4.4.13.jar:/Users/samfolke/.m2/repository/org/jetbrains/annotations/17.0.0/annotations-17.0.0.jar:/Users/samfolke/.m2/repository/org/slf4j/slf4j-api/1.7.30/slf4j-api-1.7.30.jar:/Users/samfolke/.m2/repository/org/springframework/boot/spring-boot-starter-web/2.2.6.RELEASE/spring-boot-starter-web-2.2.6.RELEASE.jar:/Users/samfolke/.m2/repository/org/springframework/boot/spring-boot-starter/2.2.6.RELEASE/spring-boot-starter-2.2.6.RELEASE.jar:/Users/samfolke/.m2/repository/org/springframework/boot/spring-boot/2.2.6.RELEASE/spring-boot-2.2.6.RELEASE.jar:/Users/samfolke/.m2/repository/org/springframework/boot/spring-boot-autoconfigure/2.2.6.RELEASE/spring-boot-autoconfigure-2.2.6.RELEASE.jar:/Users/samfolke/.m2/repository/org/springframework/boot/spring-boot-starter-logging/2.2.6.RELEASE/spring-boot-starter-logging-2.2.6.RELEASE.jar:/Users/samfolke/.m2/repository/ch/qos/logback/logback-classic/1.2.3/logback-classic-1.2.3.jar:/Users/samfolke/.m2/repository/ch/qos/logback/logback-core/1.2.3/logback-core-1.2.3.jar:/Users/samfolke/.m2/repository/org/apache/logging/log4j/log4j-to-slf4j/2.12.1/log4j-to-slf4j-2.12.1.jar:/Users/samfolke/.m2/repository/org/apache/logging/log4j/log4j-api/2.12.1/log4j-api-2.12.1.jar:/Users/samfolke/.m2/repository/org/slf4j/jul-to-slf4j/1.7.30/jul-to-slf4j-1.7.30.jar:/Users/samfolke/.m2/repository/jakarta/annotation/jakarta.annotation-api/1.3.5/jakarta.annotation-api-1.3.5.jar:/Users/samfolke/.m2/repository/org/springframework/spring-core/5.2.5.RELEASE/spring-core-5.2.5.RELEASE.jar:/Users/samfolke/.m2/repository/org/springframework/spring-jcl/5.2.5.RELEASE/spring-jcl-5.2.5.RELEASE.jar:/Users/samfolke/.m2/repository/org/yaml/snakeyaml/1.25/snakeyaml-1.25.jar:/Users/samfolke/.m2/repository/org/springframework/boot/spring-boot-starter-json/2.2.6.RELEASE/spring-boot-starter-json-2.2.6.RELEASE.jar:/Users/samfolke/.m2/repository/com/fasterxml/jackson/datatype/jackson-datatype-jdk8/2.10.3/jackson-datatype-jdk8-2.10.3.jar:/Users/samfolke/.m2/repository/com/fasterxml/jackson/datatype/jackson-datatype-jsr310/2.10.3/jackson-datatype-jsr310-2.10.3.jar:/Users/samfolke/.m2/repository/com/fasterxml/jackson/module/jackson-module-parameter-names/2.10.3/jackson-module-parameter-names-2.10.3.jar:/Users/samfolke/.m2/repository/org/springframework/boot/spring-boot-starter-validation/2.2.6.RELEASE/spring-boot-starter-validation-2.2.6.RELEASE.jar:/Users/samfolke/.m2/repository/jakarta/validation/jakarta.validation-api/2.0.2/jakarta.validation-api-2.0.2.jar:/Users/samfolke/.m2/repository/org/hibernate/validator/hibernate-validator/6.0.18.Final/hibernate-validator-6.0.18.Final.jar:/Users/samfolke/.m2/repository/org/jboss/logging/jboss-logging/3.4.1.Final/jboss-logging-3.4.1.Final.jar:/Users/samfolke/.m2/repository/com/fasterxml/classmate/1.5.1/classmate-1.5.1.jar:/Users/samfolke/.m2/repository/org/springframework/spring-web/5.2.5.RELEASE/spring-web-5.2.5.RELEASE.jar:/Users/samfolke/.m2/repository/org/springframework/spring-beans/5.2.5.RELEASE/spring-beans-5.2.5.RELEASE.jar:/Users/samfolke/.m2/repository/org/springframework/spring-webmvc/5.2.5.RELEASE/spring-webmvc-5.2.5.RELEASE.jar:/Users/samfolke/.m2/repository/org/springframework/spring-aop/5.2.5.RELEASE/spring-aop-5.2.5.RELEASE.jar:/Users/samfolke/.m2/repository/org/springframework/spring-context/5.2.5.RELEASE/spring-context-5.2.5.RELEASE.jar:/Users/samfolke/.m2/repository/org/springframework/spring-expression/5.2.5.RELEASE/spring-expression-5.2.5.RELEASE.jar:/Users/samfolke/.m2/repository/junit/junit/4.12/junit-4.12.jar:/Users/samfolke/.m2/repository/org/hamcrest/hamcrest-core/2.1/hamcrest-core-2.1.jar:/Users/samfolke/.m2/repository/org/hamcrest/hamcrest/2.1/hamcrest-2.1.jar:"/>
    <property name="sun.cpu.endian" value="little"/>
    <property name="user.home" value="/Users/samfolke"/>
    <property name="user.language" value="en"/>
    <property name="java.specification.vendor" value="Oracle Corporation"/>
    <property name="java.version.date" value="2020-10-20"/>
    <property name="java.home" value="/usr/local/Cellar/openjdk/15.0.1/libexec/openjdk.jdk/Contents/Home"/>
    <property name="file.separator" value="/"/>
    <property name="basedir" value="/Users/samfolke/Development/oktankdemo"/>
    <property name="java.vm.compressedOopsMode" value="Zero based"/>
    <property name="line.separator" value="&#10;"/>
    <property name="java.vm.specification.vendor" value="Oracle Corporation"/>
    <property name="java.specification.name" value="Java Platform API Specification"/>
    <property name="surefire.real.class.path" value="/Users/samfolke/Development/oktankdemo/target/surefire/surefirebooter687139235829902054.jar"/>
    <property name="sun.management.compiler" value="HotSpot 64-Bit Tiered Compilers"/>
    <property name="java.runtime.version" value="15.0.1+9"/>
    <property name="user.name" value="samfolke"/>
    <property name="path.separator" value=":"/>
    <property name="os.version" value="10.15.7"/>
    <property name="java.runtime.name" value="OpenJDK Runtime Environment"/>
    <property name="file.encoding" value="UTF-8"/>
    <property name="java.vm.name" value="OpenJDK 64-Bit Server VM"/>
    <property name="localRepository" value="/Users/samfolke/.m2/repository"/>
    <property name="java.vendor.url.bug" value="https://bugreport.java.com/bugreport/"/>
    <property name="java.io.tmpdir" value="/var/folders/1f/9gjnncqd74n0v2r3s0m7m91m5s5y6p/T/"/>
    <property name="java.version" value="15.0.1"/>
    <property name="user.dir" value="/Users/samfolke/Development/oktankdemo"/>
    <property name="os.arch" value="x86_64"/>
    <property name="java.vm.specification.name" value="Java Virtual Machine Specification"/>
    <property name="java.library.path" value="/Users/samfolke/Library/Java/Extensions:/Library/Java/Extensions:/Network/Library/Java/Extensions:/System/Library/Java/Extensions:/usr/lib/java:."/>
    <property name="java.vm.info" value="mixed mode, sharing"/>
    <property name="java.vendor" value="N/A"/>
    <property name="java.vm.version" value="15.0.1+9"/>
    <property name="sun.io.unicode.encoding" value="UnicodeBig"/>
    <property name="java.class.version" value="59.0"/>
  </properties>
  <testcase name="ping_streamRequest_respondsWithHello" classname="com.oktank.demo.StreamLambdaHandlerTest" time="0.069"/>
  <testcase name="invalidResource_streamRequest_responds404" classname="com.oktank.demo.StreamLambdaHandlerTest" time="0.002"/>
</testsuite>